<?xml version="1.0" encoding="UTF-8"?>
<testng-results skipped="0" failed="0" ignored="0" total="1" passed="1">
  <reporter-output>
  </reporter-output>
  <suite name="Default suite" duration-ms="32333" started-at="2020-09-25T12:48:53Z" finished-at="2020-09-25T12:49:25Z">
    <groups>
    </groups>
    <test name="Default test" duration-ms="32333" started-at="2020-09-25T12:48:53Z" finished-at="2020-09-25T12:49:25Z">
      <class name="instructorScripts.KeyEventsDemo">
        <test-method status="PASS" signature="setup()[pri:0, instance:instructorScripts.KeyEventsDemo@19c0f4a]" name="setup" is-config="true" duration-ms="11839" started-at="2020-09-25T12:48:53Z" finished-at="2020-09-25T12:49:04Z">
          <reporter-output>
          </reporter-output>
        </test-method> <!-- setup -->
        <test-method status="PASS" signature="keyeventsCheck()[pri:0, instance:instructorScripts.KeyEventsDemo@19c0f4a]" name="keyeventsCheck" duration-ms="20458" started-at="2020-09-25T12:49:04Z" finished-at="2020-09-25T12:49:25Z">
          <reporter-output>
          </reporter-output>
        </test-method> <!-- keyeventsCheck -->
      </class> <!-- instructorScripts.KeyEventsDemo -->
    </test> <!-- Default test -->
  </suite> <!-- Default suite -->
</testng-results>
